mode: set
webapp/cmd/web/forms.go:10.42,12.26 2 1
webapp/cmd/web/forms.go:16.2,16.22 1 1
webapp/cmd/web/forms.go:12.26,14.3 1 1
webapp/cmd/web/forms.go:19.44,21.2 1 1
webapp/cmd/web/forms.go:28.37,33.2 1 1
webapp/cmd/web/forms.go:35.39,37.13 2 1
webapp/cmd/web/forms.go:40.2,40.13 1 1
webapp/cmd/web/forms.go:37.13,39.3 1 1
webapp/cmd/web/forms.go:43.43,44.31 1 1
webapp/cmd/web/forms.go:44.31,46.37 2 1
webapp/cmd/web/forms.go:46.37,48.4 1 1
webapp/cmd/web/forms.go:52.52,53.9 1 1
webapp/cmd/web/forms.go:53.9,55.3 1 1
webapp/cmd/web/forms.go:58.29,60.2 1 1
webapp/cmd/web/handlers.go:13.70,15.2 1 1
webapp/cmd/web/handlers.go:22.108,25.16 2 1
webapp/cmd/web/handlers.go:30.2,33.16 3 1
webapp/cmd/web/handlers.go:37.2,37.12 1 1
webapp/cmd/web/handlers.go:25.16,28.3 2 0
webapp/cmd/web/handlers.go:33.16,35.3 1 0
webapp/cmd/web/handlers.go:40.71,42.16 2 0
webapp/cmd/web/handlers.go:49.2,52.19 3 0
webapp/cmd/web/handlers.go:57.2,62.22 4 0
webapp/cmd/web/handlers.go:42.16,46.3 3 0
webapp/cmd/web/handlers.go:52.19,55.3 2 0
webapp/cmd/web/main.go:10.13,23.16 5 0
webapp/cmd/web/main.go:23.16,25.3 1 0
webapp/cmd/web/middleware.go:14.67,16.2 1 1
webapp/cmd/web/middleware.go:18.72,19.71 1 1
webapp/cmd/web/middleware.go:19.71,23.17 3 1
webapp/cmd/web/middleware.go:32.3,32.40 1 1
webapp/cmd/web/middleware.go:23.17,25.20 2 1
webapp/cmd/web/middleware.go:28.4,28.60 1 1
webapp/cmd/web/middleware.go:25.20,27.5 1 1
webapp/cmd/web/middleware.go:29.9,31.4 1 1
webapp/cmd/web/middleware.go:36.45,38.16 2 1
webapp/cmd/web/middleware.go:42.2,43.19 2 1
webapp/cmd/web/middleware.go:47.2,48.22 2 1
webapp/cmd/web/middleware.go:52.2,52.18 1 1
webapp/cmd/web/middleware.go:56.2,56.16 1 1
webapp/cmd/web/middleware.go:38.16,40.3 1 1
webapp/cmd/web/middleware.go:43.19,45.3 1 1
webapp/cmd/web/middleware.go:48.22,50.3 1 1
webapp/cmd/web/middleware.go:52.18,54.3 1 0
webapp/cmd/web/routes.go:10.47,27.2 8 1
